\BOOKMARK [1][-]{section.0.1}{\376\377\000P\000r\000e\000f\000a\000c\000e}{}% 1
\BOOKMARK [-1][-]{part.1}{\376\377\000I\000\040\164\006\140\363\146\166\117\123}{}% 2
\BOOKMARK [0][-]{chapter.1}{\376\377\200\375\136\046\164\006\213\272}{part.1}% 3
\BOOKMARK [1][-]{section.1.1}{\376\377\116\000\176\364\124\150\147\037\122\277\127\072\166\204\165\065\133\120\217\320\122\250}{chapter.1}% 4
\BOOKMARK [2][-]{subsection.1.1.1}{\376\377\165\065\133\120\217\320\122\250\166\204\145\271\172\013}{section.1.1}% 5
\BOOKMARK [2][-]{subsection.1.1.2}{\376\377\000B\000l\000o\000c\000h\000\040\000T\000h\000e\000o\000r\000e\000m}{section.1.1}% 6
\BOOKMARK [2][-]{subsection.1.1.3}{\376\377\137\256\142\160\213\241\173\227\377\010\217\321\201\352\165\061\165\065\133\120\217\321\117\074\377\011}{section.1.1}% 7
\BOOKMARK [2][-]{subsection.1.1.4}{\376\377\200\375\136\046\116\016\171\201\136\046}{section.1.1}% 8
\BOOKMARK [1][-]{section.1.2}{\376\377\116\011\176\364\124\150\147\037\127\072\116\055\166\204\165\065\133\120\217\320\122\250}{chapter.1}% 9
\BOOKMARK [2][-]{subsection.1.2.1}{\376\377\152\041\127\213\124\214\137\256\142\160\213\241\173\227}{section.1.2}% 10
\BOOKMARK [2][-]{subsection.1.2.2}{\376\377\136\003\221\314\156\012\123\072\124\214\200\375\136\046}{section.1.2}% 11
\BOOKMARK [2][-]{subsection.1.2.3}{\376\377\175\047\147\137\177\032\217\321\117\074}{section.1.2}% 12
\BOOKMARK [0][-]{chapter.2}{\376\377\221\321\134\136\201\352\165\061\165\065\133\120\154\024\117\123\152\041\127\213}{part.1}% 13
\BOOKMARK [1][-]{section.2.1}{\376\377\152\041\127\213\124\214\127\372\140\001\140\047\215\050}{chapter.2}% 14
\BOOKMARK [2][-]{subsection.2.1.1}{\376\377\123\125\165\065\133\120\147\054\137\201\140\001\124\214\147\054\137\201\200\375\221\317}{section.2.1}% 15
\BOOKMARK [2][-]{subsection.2.1.2}{\376\377\127\372\140\001\124\214\127\372\140\001\166\204\200\375\221\317}{section.2.1}% 16
\BOOKMARK [0][-]{chapter.3}{\376\377\200\375\136\046\164\006\213\272\000I}{part.1}% 17
\BOOKMARK [1][-]{section.3.1}{\376\377\136\003\155\033\215\153\133\232\164\006\123\312\200\375\136\046}{chapter.3}% 18
\BOOKMARK [2][-]{subsection.3.1.1}{\376\377\136\003\155\033\215\153\133\232\164\006\123\312\213\301\146\016}{section.3.1}% 19
\BOOKMARK [2][-]{subsection.3.1.2}{\376\377\154\342\167\342\000k\166\204\123\326\120\074\124\214\162\151\164\006\141\017\116\111}{section.3.1}% 20
\BOOKMARK [2][-]{subsection.3.1.3}{\376\377\200\375\136\046\123\312\121\166\126\376\171\072}{section.3.1}% 21
\BOOKMARK [1][-]{section.3.2}{\376\377\137\061\124\150\147\037\122\277\217\321\117\074}{chapter.3}% 22
\BOOKMARK [2][-]{subsection.3.2.1}{\376\377\116\000\176\364\140\305\121\265}{section.3.2}% 23
\BOOKMARK [2][-]{subsection.3.2.2}{\376\377\200\375\226\231\124\214\136\003\142\311\150\074\123\315\134\004}{section.3.2}% 24
\BOOKMARK [1][-]{section.3.3}{\376\377\175\047\147\137\177\032\217\321\117\074}{chapter.3}% 25
\BOOKMARK [2][-]{subsection.3.3.1}{\376\377\152\041\127\213\123\312\213\241\173\227}{section.3.3}% 26
\BOOKMARK [1][-]{section.3.4}{\376\377\215\071\174\163\227\142\124\214\140\001\133\306\136\246}{chapter.3}% 27
\BOOKMARK [2][-]{subsection.3.4.1}{\376\377\232\330\136\003\221\314\156\012\123\072}{section.3.4}% 28
\BOOKMARK [2][-]{subsection.3.4.2}{\376\377\215\071\174\163\227\142\166\204\147\204\220\040}{section.3.4}% 29
\BOOKMARK [2][-]{subsection.3.4.3}{\376\377\140\001\133\306\136\246}{section.3.4}% 30
\BOOKMARK [0][-]{chapter.4}{\376\377\200\375\136\046\213\272\000I\000I}{part.1}% 31
\BOOKMARK [1][-]{section.4.1}{\376\377\165\065\133\120\217\320\122\250\166\204\123\112\176\317\121\170\152\041\127\213}{chapter.4}% 32
\BOOKMARK [2][-]{subsection.4.1.1}{\376\377\152\041\127\213\166\204\210\150\217\360}{section.4.1}% 33
\BOOKMARK [2][-]{subsection.4.1.2}{\376\377\147\011\145\110\215\050\221\317}{section.4.1}% 34
\BOOKMARK [1][-]{section.4.2}{\376\377\140\122\133\232\165\065\127\072\060\001\170\301\127\072\117\134\165\050\116\013\165\065\133\120\166\204\217\320\122\250}{chapter.4}% 35
\BOOKMARK [2][-]{subsection.4.2.1}{\376\377\140\122\133\232\165\065\127\072\117\134\165\050\116\013\166\204\165\065\133\120}{section.4.2}% 36
\BOOKMARK [2][-]{subsection.4.2.2}{\376\377\156\341\136\046\116\015\133\374\165\065}{section.4.2}% 37
\BOOKMARK [2][-]{subsection.4.2.3}{\376\377\217\321\156\341\136\046\116\055\166\204\172\172\172\164}{section.4.2}% 38
\BOOKMARK [2][-]{subsection.4.2.4}{\376\377\140\122\133\232\170\301\127\072\117\134\165\050\116\013\165\065\133\120\166\204\121\306\176\317\121\170\217\320\122\250}{section.4.2}% 39
\BOOKMARK [1][-]{section.4.3}{\376\377\215\071\174\163\227\142\166\204\155\113\221\317}{chapter.4}% 40
\BOOKMARK [2][-]{subsection.4.3.1}{\376\377\127\107\123\000\170\301\127\072\116\055\166\204\201\352\165\061\165\065\133\120}{section.4.3}% 41
\BOOKMARK [2][-]{subsection.4.3.2}{\376\377\136\003\155\033\215\153\165\065\133\120\221\317\133\120\123\026}{section.4.3}% 42
\BOOKMARK [2][-]{subsection.4.3.3}{\376\377\137\267\124\310\145\257\000-\203\003\226\077\134\024\202\254\145\110\136\224}{section.4.3}% 43
\BOOKMARK [0][-]{chapter.5}{\376\377\000P\000r\000o\000b\000l\000e\000m\000s}{part.1}% 44
\BOOKMARK [1][-]{section.5.1}{\376\377\200\375\136\046\164\006\213\272}{chapter.5}% 45
\BOOKMARK [2][-]{subsection.5.1.1}{\376\377\221\317\133\120\122\233\133\146\127\372\170\100}{section.5.1}% 46
